Using pre-set license
Built from '2020.3/release' branch; Version is '2020.3.31f1 (6b54b7616050) revision 7034039'; Using compiler version '192528614'; Build Type 'Release'
OS: 'Windows 10  (10.0.19044) 64bit CoreSingleLanguage' Language: 'en' Physical Memory: 16147 MB
BatchMode: 1, IsHumanControllingUs: 0, StartBugReporterOnCrash: 0, Is64bit: 1, IsPro: 0

COMMAND LINE ARGUMENTS:
C:\Program Files\Unity\Hub\Editor\2020.3.31f1\Editor\Unity.exe
-adb2
-batchMode
-noUpm
-name
AssetImportWorker0
-projectPath
C:/Users/Wisnu Aditya/Shooter Emulator X
-logFile
Logs/AssetImportWorker0.log
-srvPort
52711
Successfully changed project path to: C:/Users/Wisnu Aditya/Shooter Emulator X
C:/Users/Wisnu Aditya/Shooter Emulator X
Using Asset Import Pipeline V2.
Refreshing native plugins compatible for Editor in 44.55 ms, found 2 plugins.
Preloading 0 native plugins for Editor in 0.00 ms.
Initialize engine version: 2020.3.31f1 (6b54b7616050)
[Subsystems] Discovering subsystems at path C:/Program Files/Unity/Hub/Editor/2020.3.31f1/Editor/Data/Resources/UnitySubsystems
[Subsystems] Discovering subsystems at path C:/Users/Wisnu Aditya/Shooter Emulator X/Assets
GfxDevice: creating device client; threaded=0
Direct3D:
    Version:  Direct3D 11.0 [level 11.1]
    Renderer: NVIDIA GeForce RTX 3050 Laptop GPU (ID=0x25a5)
    Vendor:   
    VRAM:     3991 MB
    Driver:   30.0.15.1215
Initialize mono
Mono path[0] = 'C:/Program Files/Unity/Hub/Editor/2020.3.31f1/Editor/Data/Managed'
Mono path[1] = 'C:/Program Files/Unity/Hub/Editor/2020.3.31f1/Editor/Data/MonoBleedingEdge/lib/mono/unityjit'
Mono config path = 'C:/Program Files/Unity/Hub/Editor/2020.3.31f1/Editor/Data/MonoBleedingEdge/etc'
Using monoOptions --debugger-agent=transport=dt_socket,embedding=1,server=y,suspend=n,address=127.0.0.1:56600
Begin MonoManager ReloadAssembly
Registering precompiled unity dll's ...
Register platform support module: C:/Program Files/Unity/Hub/Editor/2020.3.31f1/Editor/Data/PlaybackEngines/WindowsStandaloneSupport/UnityEditor.WindowsStandalone.Extensions.dll
Registered in 0.002520 seconds.
Native extension for WindowsStandalone target not found
Refreshing native plugins compatible for Editor in 54.34 ms, found 2 plugins.
Preloading 0 native plugins for Editor in 0.00 ms.
Mono: successfully reloaded assembly
- Completed reload, in  0.695 seconds
Domain Reload Profiling:
	ReloadAssembly (695ms)
		BeginReloadAssembly (90ms)
			ExecutionOrderSort (0ms)
			DisableScriptedObjects (0ms)
			BackupInstance (0ms)
			ReleaseScriptingObjects (0ms)
			CreateAndSetChildDomain (1ms)
		EndReloadAssembly (514ms)
			LoadAssemblies (88ms)
			RebuildTransferFunctionScriptingTraits (0ms)
			SetupTypeCache (178ms)
			ReleaseScriptCaches (0ms)
			RebuildScriptCaches (28ms)
			SetupLoadedEditorAssemblies (208ms)
				LogAssemblyErrors (0ms)
				InitializePlatformSupportModulesInManaged (7ms)
				SetLoadedEditorAssemblies (0ms)
				RefreshPlugins (55ms)
				BeforeProcessingInitializeOnLoad (11ms)
				ProcessInitializeOnLoadAttributes (93ms)
				ProcessInitializeOnLoadMethodAttributes (42ms)
				AfterProcessingInitializeOnLoad (0ms)
				EditorAssembliesLoaded (0ms)
			ExecutionOrderSort2 (0ms)
			AwakeInstancesAfterBackupRestoration (0ms)
Platform modules already initialized, skipping
Registering precompiled user dll's ...
Registered in 0.003980 seconds.
Begin MonoManager ReloadAssembly
Native extension for WindowsStandalone target not found
Refreshing native plugins compatible for Editor in 0.36 ms, found 2 plugins.
Preloading 0 native plugins for Editor in 0.00 ms.
Mono: successfully reloaded assembly
- Completed reload, in  1.217 seconds
Domain Reload Profiling:
	ReloadAssembly (1219ms)
		BeginReloadAssembly (208ms)
			ExecutionOrderSort (0ms)
			DisableScriptedObjects (8ms)
			BackupInstance (0ms)
			ReleaseScriptingObjects (0ms)
			CreateAndSetChildDomain (23ms)
		EndReloadAssembly (923ms)
			LoadAssemblies (132ms)
			RebuildTransferFunctionScriptingTraits (0ms)
			SetupTypeCache (295ms)
			ReleaseScriptCaches (0ms)
			RebuildScriptCaches (56ms)
			SetupLoadedEditorAssemblies (368ms)
				LogAssemblyErrors (0ms)
				InitializePlatformSupportModulesInManaged (4ms)
				SetLoadedEditorAssemblies (0ms)
				RefreshPlugins (0ms)
				BeforeProcessingInitializeOnLoad (63ms)
				ProcessInitializeOnLoadAttributes (278ms)
				ProcessInitializeOnLoadMethodAttributes (10ms)
				AfterProcessingInitializeOnLoad (12ms)
				EditorAssembliesLoaded (1ms)
			ExecutionOrderSort2 (0ms)
			AwakeInstancesAfterBackupRestoration (12ms)
Platform modules already initialized, skipping
========================================================================
Worker process is ready to serve import requests
Launched and connected shader compiler UnityShaderCompiler.exe after 0.11 seconds
Refreshing native plugins compatible for Editor in 0.55 ms, found 2 plugins.
Preloading 0 native plugins for Editor in 0.00 ms.
Unloading 1541 Unused Serialized files (Serialized files now loaded: 0)
System memory in use before: 71.6 MB.
System memory in use after: 71.7 MB.

Unloading 16 unused Assets to reduce memory usage. Loaded Objects now: 1982.
Total: 3.828800 ms (FindLiveObjects: 0.146400 ms CreateObjectMapping: 0.025800 ms MarkObjects: 3.504000 ms  DeleteObjects: 0.151100 ms)

AssetImportParameters requested are different than current active one (requested -> active):
  custom:framework-win-MediaFoundation: 216162199b28c13a410421893ffa2e32 -> 
  custom:video-decoder-ogg-theora: a1e56fd34408186e4bbccfd4996cb3dc -> 
  custom:container-muxer-webm: aa71ff27fc2769a1b78a27578f13a17b -> 
  custom:container-demuxer-webm: 4f35f7cbe854078d1ac9338744f61a02 -> 
  custom:container-demuxer-ogg: 62fdf1f143b41e24485cea50d1cbac27 -> 
  custom:video-encoder-webm-vp8: eb34c28f22e8b96e1ab97ce403110664 -> 
  custom:video-decoder-webm-vp8: 9c59270c3fd7afecdb556c50c9e8de78 -> 
  custom:audio-decoder-ogg-vorbis: bf7c407c2cedff20999df2af8eb42d56 -> 
  custom:audio-encoder-webm-vorbis: bf7c407c2cedff20999df2af8eb42d56 -> 
========================================================================
Received Import Request.
  path: Assets/Models/Environment/Firetruck.fbx
  artifactKey: Guid(66756304be5ae4545bcbdef9ff1489b2) Importer(815301076,1909f56bfc062723c751e8b465ee728b)
Start importing Assets/Models/Environment/Firetruck.fbx using Guid(66756304be5ae4545bcbdef9ff1489b2) Importer(815301076,1909f56bfc062723c751e8b465ee728b)  -> (artifact id: 'eee69b4a53bf4413609baac9ae68a771') in 0.231285 seconds 
========================================================================
Received Import Request.
  Time since last request: 0.000629 seconds.
  path: Assets/Models/Environment/SpinningTop.fbx
  artifactKey: Guid(f3ae2f327b1ccba488153e136bd96969) Importer(815301076,1909f56bfc062723c751e8b465ee728b)
Start importing Assets/Models/Environment/SpinningTop.fbx using Guid(f3ae2f327b1ccba488153e136bd96969) Importer(815301076,1909f56bfc062723c751e8b465ee728b)  -> (artifact id: 'ea6addba06314a88dc96aecdf295135a') in 0.044241 seconds 
========================================================================
Received Import Request.
  Time since last request: 0.000465 seconds.
  path: Assets/Models/Environment/Robot.FBX
  artifactKey: Guid(37838039cb488d24ca9c078c2e1ef1b1) Importer(815301076,1909f56bfc062723c751e8b465ee728b)
Start importing Assets/Models/Environment/Robot.FBX using Guid(37838039cb488d24ca9c078c2e1ef1b1) Importer(815301076,1909f56bfc062723c751e8b465ee728b)  -> (artifact id: '224023e6b9f3c843edd9caa81d3d72f1') in 0.040687 seconds 
========================================================================
Received Import Request.
  Time since last request: 0.000778 seconds.
  path: Assets/Models/Environment/Arches.fbx
  artifactKey: Guid(83ce4d1897bf5de438ba201190387a04) Importer(815301076,1909f56bfc062723c751e8b465ee728b)
Start importing Assets/Models/Environment/Arches.fbx using Guid(83ce4d1897bf5de438ba201190387a04) Importer(815301076,1909f56bfc062723c751e8b465ee728b)  -> (artifact id: '0fe2b2c8dcf1d8ddd576c31d296468dc') in 0.036153 seconds 
========================================================================
Received Import Request.
  Time since last request: 0.000486 seconds.
  path: Assets/Models/Environment/Wall.FBX
  artifactKey: Guid(cd89b29b93f735d4890454fe39739868) Importer(815301076,1909f56bfc062723c751e8b465ee728b)
Start importing Assets/Models/Environment/Wall.FBX using Guid(cd89b29b93f735d4890454fe39739868) Importer(815301076,1909f56bfc062723c751e8b465ee728b)  -> (artifact id: '0ac969d118ab232a63d2e59600ae6863') in 0.069600 seconds 
========================================================================
Received Import Request.
  Time since last request: 0.000591 seconds.
  path: Assets/Models/Environment/Blox.FBX
  artifactKey: Guid(6b9fc1d48e3e9874da5b00cc4970419a) Importer(815301076,1909f56bfc062723c751e8b465ee728b)
Start importing Assets/Models/Environment/Blox.FBX using Guid(6b9fc1d48e3e9874da5b00cc4970419a) Importer(815301076,1909f56bfc062723c751e8b465ee728b)  -> (artifact id: 'a5b46ca7821dcbc929ab48247e71811d') in 0.044039 seconds 
========================================================================
Received Import Request.
  Time since last request: 0.000392 seconds.
  path: Assets/Models/Environment/Drawers.fbx
  artifactKey: Guid(a6ec141e423c0ef46a377ffd284c2e2a) Importer(815301076,1909f56bfc062723c751e8b465ee728b)
Start importing Assets/Models/Environment/Drawers.fbx using Guid(a6ec141e423c0ef46a377ffd284c2e2a) Importer(815301076,1909f56bfc062723c751e8b465ee728b)  -> (artifact id: 'eabc6a4c6f11d288d51ac3b857cd51a5') in 0.039712 seconds 
========================================================================
Received Import Request.
  Time since last request: 0.000521 seconds.
  path: Assets/Models/Environment/Floor.fbx
  artifactKey: Guid(bd3a7a773fe02354da0a4d8dbabd8cbb) Importer(815301076,1909f56bfc062723c751e8b465ee728b)
Start importing Assets/Models/Environment/Floor.fbx using Guid(bd3a7a773fe02354da0a4d8dbabd8cbb) Importer(815301076,1909f56bfc062723c751e8b465ee728b)  -> (artifact id: '5e9e15a3a8eafeedeb1b80cce99e6fd7') in 0.081978 seconds 
========================================================================
Received Import Request.
  Time since last request: 0.000628 seconds.
  path: Assets/Models/Environment/Train.fbx
  artifactKey: Guid(ffdb71bb9ac69ca4487008cff817971f) Importer(815301076,1909f56bfc062723c751e8b465ee728b)
Start importing Assets/Models/Environment/Train.fbx using Guid(ffdb71bb9ac69ca4487008cff817971f) Importer(815301076,1909f56bfc062723c751e8b465ee728b)  -> (artifact id: 'e193607a23955e13e00ec7cd6d6af21c') in 0.045560 seconds 
========================================================================
Received Import Request.
  Time since last request: 0.000664 seconds.
  path: Assets/Models/Environment/Dollhouse.fbx
  artifactKey: Guid(eec0a941ebb666b458f6523bd925c87d) Importer(815301076,1909f56bfc062723c751e8b465ee728b)
Start importing Assets/Models/Environment/Dollhouse.fbx using Guid(eec0a941ebb666b458f6523bd925c87d) Importer(815301076,1909f56bfc062723c751e8b465ee728b)  -> (artifact id: '9f74671e771a79fb863120862a246315') in 0.043737 seconds 
========================================================================
Received Import Request.
  Time since last request: 0.000484 seconds.
  path: Assets/Models/Environment/Clock.fbx
  artifactKey: Guid(e03ae68b9fdf406439d6f7e50456dc75) Importer(815301076,1909f56bfc062723c751e8b465ee728b)
Start importing Assets/Models/Environment/Clock.fbx using Guid(e03ae68b9fdf406439d6f7e50456dc75) Importer(815301076,1909f56bfc062723c751e8b465ee728b)  -> (artifact id: 'fbb02c0a65631e2e65eb378a67489dd4') in 0.039613 seconds 
========================================================================
Received Import Request.
  Time since last request: 0.000555 seconds.
  path: Assets/Models/Environment/Hearse.FBX
  artifactKey: Guid(83c124e5c28d49149a336502dc0e1e2d) Importer(815301076,1909f56bfc062723c751e8b465ee728b)
Start importing Assets/Models/Environment/Hearse.FBX using Guid(83c124e5c28d49149a336502dc0e1e2d) Importer(815301076,1909f56bfc062723c751e8b465ee728b)  -> (artifact id: '3d9484d2037ce8cc47d9c2c2639061f5') in 0.039464 seconds 
========================================================================
Received Import Request.
  Time since last request: 0.000666 seconds.
  path: Assets/Models/Environment/DollArm.FBX
  artifactKey: Guid(121b3e7b2d66aca4fa4d229a6d434b89) Importer(815301076,1909f56bfc062723c751e8b465ee728b)
Start importing Assets/Models/Environment/DollArm.FBX using Guid(121b3e7b2d66aca4fa4d229a6d434b89) Importer(815301076,1909f56bfc062723c751e8b465ee728b)  -> (artifact id: 'e060121552e47d3432fa4997d30e4bbd') in 0.040271 seconds 
========================================================================
Received Import Request.
  Time since last request: 0.000646 seconds.
  path: Assets/Models/Environment/Bat.fbx
  artifactKey: Guid(9f185e9167e4f99489912e1b6d9899bf) Importer(815301076,1909f56bfc062723c751e8b465ee728b)
Start importing Assets/Models/Environment/Bat.fbx using Guid(9f185e9167e4f99489912e1b6d9899bf) Importer(815301076,1909f56bfc062723c751e8b465ee728b)  -> (artifact id: '2db98d16c9f2be32dc5c10064e81dcd0') in 0.042170 seconds 
========================================================================
Received Import Request.
  Time since last request: 0.000510 seconds.
  path: Assets/Models/Environment/Stool.FBX
  artifactKey: Guid(29339104c7d69b346a4f1585f2be81d8) Importer(815301076,1909f56bfc062723c751e8b465ee728b)
Start importing Assets/Models/Environment/Stool.FBX using Guid(29339104c7d69b346a4f1585f2be81d8) Importer(815301076,1909f56bfc062723c751e8b465ee728b)  -> (artifact id: 'def5c192ddadf0628458abdf9d7fd31e') in 0.043056 seconds 
AssetImportWorkerClient::OnTransportError - code=2 error=End of file
